# AgentTrail: AI Assistant Interactions

## Session: 007c472b...
**Time:** 2025-11-06 23:20:14
**Project:** `/Users/btucker/Documents/projects/apple-foundation-models-py`

### ðŸ¤– Assistant

<details>
<summary>ðŸ”§ Tool Uses</summary>

- **Bash**
</details>

### ðŸ¤– Assistant

### ðŸ¤– Assistant

<details>
<summary>ðŸ”§ Tool Uses</summary>

- **TodoWrite**
</details>

### ðŸ¤– Assistant

### ðŸ¤– Assistant
Perfect! I've updated the workflow to use `uv sync`. Much cleaner!

**Commit**: `a5fd546` (amended previous commit)

## Key improvements:

### Before:
```yaml
- Install setuptools, wheel, Cython with pip
- Install package with pip install -e ".[dev]"
- Manually build Swift library with swiftc
- Manually build Cython extension with setup.py
- Run tests with bare pytest commands
```

### After:
```yaml
- uv sync --extra dev  # One command does it all!
- uv run pytest ...    # Run in managed venv
```

## Benefits:

1. **Lockfile-based**: Uses `uv.lock` for reproducible builds
2. **Much faster**: uv's Rust implementation + caching
3. **Simpler**: 1 command replaces 3 build steps
4. **Automatic**: `setup.py` custom build class auto-builds Swift library
5. **Consistent**: Matches local dev workflow exactly

The workflow now leverages the custom `BuildSwiftThenExt` class in setup.py that automatically builds the Swift dylib before the Cython extension, so `uv sync` handles everything in one shot!

### ðŸ‘¤ User
______________ ERROR at setup of TestClientInfo.test_get_version _______________
.venv/lib/python3.12/site-packages/pytest_asyncio/plugin.py:735: in pytest_fixture_setup
    return (yield)
            ^^^^^
tests/conftest.py:22: in client
    client = applefoundationmodels.Client()
             ^^^^^^^^^^^^^^^^^^^^^^^^^^^^^^
applefoundationmodels/client.py:45: in __init__
    _foundationmodels.init()
applefoundationmodels/_foundationmodels.pyx:60: in applefoundationmodels._foundationmodels.init
    _check_result(result)
applefoundationmodels/_foundationmodels.pyx:40: in applefoundationmodels._foundationmodels._check_result
    raise_for_error_code(result, "Operation failed")
applefoundationmodels/exceptions.py:128: in raise_for_error_code
    raise exception_class(message, error_code)
E   applefoundationmodels.exceptions.NotAvailableError: Operation failed
________ ERROR at setup of TestClientInfo.test_get_supported_languages _________
.venv/lib/python3.12/site-packages/pytest_asyncio/plugin.py:735: in pytest_fixture_setup
    return (yield)
            ^^^^^
tests/conftest.py:22: in client
    client = applefoundationmodels.Client()
             ^^^^^^^^^^^^^^^^^^^^^^^^^^^^^^
applefoundationmodels/client.py:45: in __init__
    _foundationmodels.init()
applefoundationmodels/_foundationmodels.pyx:60: in applefoundationmodels._foundationmodels.init
    _check_result(result)
applefoundationmodels/_foundationmodels.pyx:40: in applefoundationmodels._foundationmodels._check_result
    raise_for_error_code(result, "Operation failed")
applefoundationmodels/exceptions.py:128: in raise_for_error_code
    raise exception_class(message, error_code)
E   applefoundationmodels.exceptions.NotAvailableError: Operation failed
__________________ ERROR at setup of TestStats.test_get_stats __________________
.venv/lib/python3.12/site-packages/pytest_asyncio/plugin.py:735: in pytest_fixture_setup
    return (yield)
            ^^^^^
tests/conftest.py:22: in client
    client = applefoundationmodels.Client()
             ^^^^^^^^^^^^^^^^^^^^^^^^^^^^^^
applefoundationmodels/client.py:45: in __init__
    _foundationmodels.init()
applefoundationmodels/_foundationmodels.pyx:60: in applefoundationmodels._foundationmodels.init
    _check_result(result)
applefoundationmodels/_foundationmodels.pyx:40: in applefoundationmodels._foundationmodels._check_result
    raise_for_error_code(result, "Operation failed")
applefoundationmodels/exceptions.py:128: in raise_for_error_code
    raise exception_class(message, error_code)
E   applefoundationmodels.exceptions.NotAvailableError: Operation failed
_________________ ERROR at setup of TestStats.test_reset_stats _________________
.venv/lib/python3.12/site-packages/pytest_asyncio/plugin.py:735: in pytest_fixture_setup
    return (yield)
            ^^^^^
tests/conftest.py:22: in client
    client = applefoundationmodels.Client()
             ^^^^^^^^^^^^^^^^^^^^^^^^^^^^^^
applefoundationmodels/client.py:45: in __init__
    _foundationmodels.init()
applefoundationmodels/_foundationmodels.pyx:60: in applefoundationmodels._foundationmodels.init
    _check_result(result)
applefoundationmodels/_foundationmodels.pyx:40: in applefoundationmodels._foundationmodels._check_result
    raise_for_error_code(result, "Operation failed")
applefoundationmodels/exceptions.py:128: in raise_for_error_code
    raise exception_class(message, error_code)
E   applefoundationmodels.exceptions.NotAvailableError: Operation failed
_ ERROR at setup of TestStructuredOutput.test_generate_structured_not_implemented _
.venv/lib/python3.12/site-packages/pytest_asyncio/plugin.py:735: in pytest_fixture_setup
    return (yield)
            ^^^^^
tests/conftest.py:22: in client
    client = applefoundationmodels.Client()
             ^^^^^^^^^^^^^^^^^^^^^^^^^^^^^^
applefoundationmodels/client.py:45: in __init__
    _foundationmodels.init()
applefoundationmodels/_foundationmodels.pyx:60: in applefoundationmodels._foundationmodels.init
    _check_result(result)
applefoundationmodels/_foundationmodels.pyx:40: in applefoundationmodels._foundationmodels._check_result
    raise_for_error_code(result, "Operation failed")
applefoundationmodels/exceptions.py:128: in raise_for_error_code
    raise exception_class(message, error_code)
E   applefoundationmodels.exceptions.NotAvailableError: Operation failed
=================================== FAILURES ===================================
_______________ TestClientLifecycle.test_client_context_manager ________________
tests/test_client.py:60: in test_client_context_manager
    with applefoundationmodels.Client() as client:
         ^^^^^^^^^^^^^^^^^^^^^^^^^^^^^^
applefoundationmodels/client.py:45: in __init__
    _foundationmodels.init()
applefoundationmodels/_foundationmodels.pyx:60: in applefoundationmodels._foundationmodels.init
    _check_result(result)
applefoundationmodels/_foundationmodels.pyx:40: in applefoundationmodels._foundationmodels._check_result
    raise_for_error_code(result, "Operation failed")
applefoundationmodels/exceptions.py:128: in raise_for_error_code
    raise exception_class(message, error_code)
E   applefoundationmodels.exceptions.NotAvailableError: Operation failed
____________________ TestClientLifecycle.test_client_close _____________________
tests/test_client.py:67: in test_client_close
    client = applefoundationmodels.Client()
             ^^^^^^^^^^^^^^^^^^^^^^^^^^^^^^
applefoundationmodels/client.py:45: in __init__
    _foundationmodels.init()
applefoundationmodels/_foundationmodels.pyx:60: in applefoundationmodels._foundationmodels.init
    _check_result(result)
applefoundationmodels/_foundationmodels.pyx:40: in applefoundationmodels._foundationmodels._check_result
    raise_for_error_code(result, "Operation failed")
applefoundationmodels/exceptions.py:128: in raise_for_error_code
    raise exception_class(message, error_code)
E   applefoundationmodels.exceptions.NotAvailableError: Operation failed
__________________ TestClientLifecycle.test_multiple_clients ___________________
tests/test_client.py:76: in test_multiple_clients
    client1 = applefoundationmodels.Client()
              ^^^^^^^^^^^^^^^^^^^^^^^^^^^^^^
applefoundationmodels/client.py:45: in __init__
    _foundationmodels.init()
applefoundationmodels/_foundationmodels.pyx:60: in applefoundationmodels._foundationmodels.init
    _check_result(result)
applefoundationmodels/_foundationmodels.pyx:40: in applefoundationmodels._foundationmodels._check_result
    raise_for_error_code(result, "Operation failed")
applefoundationmodels/exceptions.py:128: in raise_for_error_code
    raise exception_class(message, error_code)
E   applefoundationmodels.exceptions.NotAvailableError: Operation failed
_________________________________ test_version _________________________________
tests/test_integration.py:46: in test_version
    with applefoundationmodels.Client() as client:
         ^^^^^^^^^^^^^^^^^^^^^^^^^^^^^^
applefoundationmodels/client.py:45: in __init__
    _foundationmodels.init()
applefoundationmodels/_foundationmodels.pyx:60: in applefoundationmodels._foundationmodels.init
    _check_result(result)
applefoundationmodels/_foundationmodels.pyx:40: in applefoundationmodels._foundationmodels._check_result
    raise_for_error_code(result, "Operation failed")
applefoundationmodels/exceptions.py:128: in raise_for_error_code
    raise exception_class(message, error_code)
E   applefoundationmodels.exceptions.NotAvailableError: Operation failed
----------------------------- Captured stdout call -----------------------------
============================================================
TEST 2: Version Information
============================================================
____________________________ test_basic_generation _____________________________
tests/test_integration.py:72: in test_basic_generation
    with applefoundationmodels.Client() as client:
         ^^^^^^^^^^^^^^^^^^^^^^^^^^^^^^
applefoundationmodels/client.py:45: in __init__
    _foundationmodels.init()
applefoundationmodels/_foundationmodels.pyx:60: in applefoundationmodels._foundationmodels.init
    _check_result(result)
applefoundationmodels/_foundationmodels.pyx:40: in applefoundationmodels._foundationmodels._check_result
    raise_for_error_code(result, "Operation failed")
applefoundationmodels/exceptions.py:128: in raise_for_error_code
    raise exception_class(message, error_code)
E   applefoundationmodels.exceptions.NotAvailableError: Operation failed
----------------------------- Captured stdout call -----------------------------
============================================================
TEST 3: Basic Text Generation
============================================================
__________________________ test_conversation_context ___________________________
tests/test_integration.py:114: in test_conversation_context
    with applefoundationmodels.Client() as client:
         ^^^^^^^^^^^^^^^^^^^^^^^^^^^^^^
applefoundationmodels/client.py:45: in __init__
    _foundationmodels.init()
applefoundationmodels/_foundationmodels.pyx:60: in applefoundationmodels._foundationmodels.init
    _check_result(result)
applefoundationmodels/_foundationmodels.pyx:40: in applefoundationmodels._foundationmodels._check_result
    raise_for_error_code(result, "Operation failed")
applefoundationmodels/exceptions.py:128: in raise_for_error_code
    raise exception_class(message, error_code)
E   applefoundationmodels.exceptions.NotAvailableError: Operation failed
----------------------------- Captured stdout call -----------------------------
============================================================
TEST 4: Conversation Context
============================================================
________________________________ test_streaming ________________________________
tests/test_integration.py:154: in test_streaming
    client = applefoundationmodels.Client()
             ^^^^^^^^^^^^^^^^^^^^^^^^^^^^^^
applefoundationmodels/client.py:45: in __init__
    _foundationmodels.init()
applefoundationmodels/_foundationmodels.pyx:60: in applefoundationmodels._foundationmodels.init
    _check_result(result)
applefoundationmodels/_foundationmodels.pyx:40: in applefoundationmodels._foundationmodels._check_result
    raise_for_error_code(result, "Operation failed")
applefoundationmodels/exceptions.py:128: in raise_for_error_code
    raise exception_class(message, error_code)
E   applefoundationmodels.exceptions.NotAvailableError: Operation failed
----------------------------- Captured stdout call -----------------------------
============================================================
TEST 5: Streaming Generation
============================================================
_________________________ test_temperature_variations __________________________
tests/test_integration.py:190: in test_temperature_variations
    with applefoundationmodels.Client() as client:
         ^^^^^^^^^^^^^^^^^^^^^^^^^^^^^^
applefoundationmodels/client.py:45: in __init__
    _foundationmodels.init()
applefoundationmodels/_foundationmodels.pyx:60: in applefoundationmodels._foundationmodels.init
    _check_result(result)
applefoundationmodels/_foundationmodels.pyx:40: in applefoundationmodels._foundationmodels._check_result
    raise_for_error_code(result, "Operation failed")
applefoundationmodels/exceptions.py:128: in raise_for_error_code
    raise exception_class(message, error_code)
E   applefoundationmodels.exceptions.NotAvailableError: Operation failed
----------------------------- Captured stdout call -----------------------------
============================================================
TEST 6: Temperature Variations
============================================================
___________________________ test_session_management ____________________________
tests/test_integration.py:230: in test_session_management
    client = applefoundationmodels.Client()
             ^^^^^^^^^^^^^^^^^^^^^^^^^^^^^^
applefoundationmodels/client.py:45: in __init__
    _foundationmodels.init()
applefoundationmodels/_foundationmodels.pyx:60: in applefoundationmodels._foundationmodels.init
    _check_result(result)
applefoundationmodels/_foundationmodels.pyx:40: in applefoundationmodels._foundationmodels._check_result
    raise_for_error_code(result, "Operation failed")
applefoundationmodels/exceptions.py:128: in raise_for_error_code
    raise exception_class(message, error_code)
E   applefoundationmodels.exceptions.NotAvailableError: Operation failed
----------------------------- Captured stdout call -----------------------------
============================================================
TEST 7: Session Management
============================================================
_____________________________ test_error_handling ______________________________
tests/test_integration.py:276: in test_error_handling
    client = applefoundationmodels.Client()
             ^^^^^^^^^^^^^^^^^^^^^^^^^^^^^^
applefoundationmodels/client.py:45: in __init__
    _foundationmodels.init()
applefoundationmodels/_foundationmodels.pyx:60: in applefoundationmodels._foundationmodels.init
    _check_result(result)
applefoundationmodels/_foundationmodels.pyx:40: in applefoundationmodels._foundationmodels._check_result
    raise_for_error_code(result, "Operation failed")
applefoundationmodels/exceptions.py:128: in raise_for_error_code
    raise exception_class(message, error_code)
E   applefoundationmodels.exceptions.NotAvailableError: Operation failed
----------------------------- Captured stdout call -----------------------------
============================================================
TEST 8: Error Handling
============================================================
_____________________________ test_context_manager _____________________________
tests/test_integration.py:323: in test_context_manager
    with applefoundationmodels.Client() as client:
         ^^^^^^^^^^^^^^^^^^^^^^^^^^^^^^
applefoundationmodels/client.py:45: in __init__
    _foundationmodels.init()
applefoundationmodels/_foundationmodels.pyx:60: in applefoundationmodels._foundationmodels.init
    _check_result(result)
applefoundationmodels/_foundationmodels.pyx:40: in applefoundationmodels._foundationmodels._check_result
    raise_for_error_code(result, "Operation failed")
applefoundationmodels/exceptions.py:128: in raise_for_error_code
    raise exception_class(message, error_code)
E   applefoundationmodels.exceptions.NotAvailableError: Operation failed
----------------------------- Captured stdout call -----------------------------
============================================================
TEST 9: Context Managers
============================================================
=========================== short test summary info ============================
FAILED tests/test_client.py::TestClientLifecycle::test_client_context_manager - applefoundationmodels.exceptions.NotAvailableError: Operation failed
FAILED tests/test_client.py::TestClientLifecycle::test_client_close - applefoundationmodels.exceptions.NotAvailableError: Operation failed
FAILED tests/test_client.py::TestClientLifecycle::test_multiple_clients - applefoundationmodels.exceptions.NotAvailableError: Operation failed
FAILED tests/test_integration.py::test_version - applefoundationmodels.exceptions.NotAvailableError: Operation failed
FAILED tests/test_integration.py::test_basic_generation - applefoundationmodels.exceptions.NotAvailableError: Operation failed
FAILED tests/test_integration.py::test_conversation_context - applefoundationmodels.exceptions.NotAvailableError: Operation failed
FAILED tests/test_integration.py::test_streaming - applefoundationmodels.exceptions.NotAvailableError: Operation failed
FAILED tests/test_integration.py::test_temperature_variations - applefoundationmodels.exceptions.NotAvailableError: Operation failed
FAILED tests/test_integration.py::test_session_management - applefoundationmodels.exceptions.NotAvailableError: Operation failed
FAILED tests/test_integration.py::test_error_handling - applefoundationmodels.exceptions.NotAvailableError: Operation failed
FAILED tests/test_integration.py::test_context_manager - applefoundationmodels.exceptions.NotAvailableError: Operation failed
ERROR tests/test_client.py::TestClientInfo::test_get_version - applefoundationmodels.exceptions.NotAvailableError: Operation failed
ERROR tests/test_client.py::TestClientInfo::test_get_supported_languages - applefoundationmodels.exceptions.NotAvailableError: Operation failed
ERROR tests/test_client.py::TestStats::test_get_stats - applefoundationmodels.exceptions.NotAvailableError: Operation failed
ERROR tests/test_client.py::TestStats::test_reset_stats - applefoundationmodels.exceptions.NotAvailableError: Operation failed
ERROR tests/test_session.py::TestStructuredOutput::test_generate_structured_not_implemented - applefoundationmodels.exceptions.NotAvailableError: Operation failed

### ðŸ¤– Assistant

### ðŸ¤– Assistant
The tests are failing because Apple Intelligence is not available on the CI runners. The `check_availability` fixture exists but isn't being used. We need to either:

1. Skip tests that require Apple Intelligence in CI
2. Use the availability fixture properly

Let me check the test structure and fix this:

### ðŸ¤– Assistant

<details>
<summary>ðŸ”§ Tool Uses</summary>

- **TodoWrite**
</details>

### ðŸ¤– Assistant

### ðŸ¤– Assistant

<details>
<summary>ðŸ”§ Tool Uses</summary>

- **Read**
</details>

### ðŸ¤– Assistant

### ðŸ¤– Assistant

<details>
<summary>ðŸ”§ Tool Uses</summary>

- **Edit**
</details>

### ðŸ¤– Assistant

### ðŸ¤– Assistant
Now let me check which tests create clients directly without using the fixture:

### ðŸ¤– Assistant

<details>
<summary>ðŸ”§ Tool Uses</summary>

- **Grep**
</details>

### ðŸ¤– Assistant

### ðŸ¤– Assistant
I see the issue - almost all tests require Apple Intelligence. The best approach is to mark them as integration tests and skip them in CI. Let me update the workflow to handle this:

### ðŸ¤– Assistant

<details>
<summary>ðŸ”§ Tool Uses</summary>

- **Edit**
</details>

### ðŸ¤– Assistant

### ðŸ¤– Assistant

<details>
<summary>ðŸ”§ Tool Uses</summary>

- **Edit**
</details>

### ðŸ¤– Assistant

### ðŸ¤– Assistant
Wait, the issue is that tests creating clients directly won't use the fixture. Let me make the availability check an autouse fixture so ALL tests skip when unavailable:

### ðŸ¤– Assistant

<details>
<summary>ðŸ”§ Tool Uses</summary>

- **Edit**
</details>

### ðŸ¤– Assistant

### ðŸ¤– Assistant
Perfect! Now let me test this locally to make sure it works:

### ðŸ¤– Assistant

<details>
<summary>ðŸ”§ Tool Uses</summary>

- **Bash**
</details>

### ðŸ¤– Assistant

### ðŸ¤– Assistant

<details>
<summary>ðŸ”§ Tool Uses</summary>

- **TodoWrite**
</details>

### ðŸ¤– Assistant

### ðŸ¤– Assistant

<details>
<summary>ðŸ”§ Tool Uses</summary>

- **Bash**
</details>

### ðŸ¤– Assistant

<details>
<summary>ðŸ”§ Tool Uses</summary>

- **Bash**
</details>

---
